<?xml version="1.0" encoding="UTF-8"?>
<coverage generated="1705700688250" clover="3.2.0">
  <project timestamp="1705700688250" name="All files">
    <metrics statements="48" coveredstatements="0" conditionals="2" coveredconditionals="0" methods="2" coveredmethods="0" elements="52" coveredelements="0" complexity="0" loc="48" ncloc="48" packages="44" files="46" classes="46"/>
    <package name="mobile-app">
      <metrics statements="4" coveredstatements="0" conditionals="0" coveredconditionals="0" methods="0" coveredmethods="0"/>
      <file name="metro.config.js" path="/Users/hatem/Desktop/Entrepreneur/Startups/QMasters/QMaster/mobile-app/metro.config.js">
        <metrics statements="3" coveredstatements="0" conditionals="0" coveredconditionals="0" methods="0" coveredmethods="0"/>
        <line num="2" count="0" type="stmt"/>
        <line num="5" count="0" type="stmt"/>
        <line num="10" count="0" type="stmt"/>
      </file>
      <file name="tailwind.config.js" path="/Users/hatem/Desktop/Entrepreneur/Startups/QMasters/QMaster/mobile-app/tailwind.config.js">
        <metrics statements="1" coveredstatements="0" conditionals="0" coveredconditionals="0" methods="0" coveredmethods="0"/>
        <line num="2" count="0" type="stmt"/>
      </file>
    </package>
    <package name="mobile-app..expo.metro">
      <metrics statements="2" coveredstatements="0" conditionals="2" coveredconditionals="0" methods="2" coveredmethods="0"/>
      <file name="polyfill.js" path="/Users/hatem/Desktop/Entrepreneur/Startups/QMasters/QMaster/mobile-app/.expo/metro/polyfill.js">
        <metrics statements="1" coveredstatements="0" conditionals="2" coveredconditionals="0" methods="1" coveredmethods="0"/>
        <line num="1" count="0" type="cond" truecount="0" falsecount="2"/>
      </file>
      <file name="polyfill.native.js" path="/Users/hatem/Desktop/Entrepreneur/Startups/QMasters/QMaster/mobile-app/.expo/metro/polyfill.native.js">
        <metrics statements="1" coveredstatements="0" conditionals="0" coveredconditionals="0" methods="1" coveredmethods="0"/>
        <line num="1" count="0" type="stmt"/>
      </file>
    </package>
    <package name="mobile-app..expo.metro.externals.assert">
      <metrics statements="1" coveredstatements="0" conditionals="0" coveredconditionals="0" methods="0" coveredmethods="0"/>
      <file name="index.js" path="/Users/hatem/Desktop/Entrepreneur/Startups/QMasters/QMaster/mobile-app/.expo/metro/externals/assert/index.js">
        <metrics statements="1" coveredstatements="0" conditionals="0" coveredconditionals="0" methods="0" coveredmethods="0"/>
        <line num="1" count="0" type="stmt"/>
      </file>
    </package>
    <package name="mobile-app..expo.metro.externals.async_hooks">
      <metrics statements="1" coveredstatements="0" conditionals="0" coveredconditionals="0" methods="0" coveredmethods="0"/>
      <file name="index.js" path="/Users/hatem/Desktop/Entrepreneur/Startups/QMasters/QMaster/mobile-app/.expo/metro/externals/async_hooks/index.js">
        <metrics statements="1" coveredstatements="0" conditionals="0" coveredconditionals="0" methods="0" coveredmethods="0"/>
        <line num="1" count="0" type="stmt"/>
      </file>
    </package>
    <package name="mobile-app..expo.metro.externals.buffer">
      <metrics statements="1" coveredstatements="0" conditionals="0" coveredconditionals="0" methods="0" coveredmethods="0"/>
      <file name="index.js" path="/Users/hatem/Desktop/Entrepreneur/Startups/QMasters/QMaster/mobile-app/.expo/metro/externals/buffer/index.js">
        <metrics statements="1" coveredstatements="0" conditionals="0" coveredconditionals="0" methods="0" coveredmethods="0"/>
        <line num="1" count="0" type="stmt"/>
      </file>
    </package>
    <package name="mobile-app..expo.metro.externals.child_process">
      <metrics statements="1" coveredstatements="0" conditionals="0" coveredconditionals="0" methods="0" coveredmethods="0"/>
      <file name="index.js" path="/Users/hatem/Desktop/Entrepreneur/Startups/QMasters/QMaster/mobile-app/.expo/metro/externals/child_process/index.js">
        <metrics statements="1" coveredstatements="0" conditionals="0" coveredconditionals="0" methods="0" coveredmethods="0"/>
        <line num="1" count="0" type="stmt"/>
      </file>
    </package>
    <package name="mobile-app..expo.metro.externals.cluster">
      <metrics statements="1" coveredstatements="0" conditionals="0" coveredconditionals="0" methods="0" coveredmethods="0"/>
      <file name="index.js" path="/Users/hatem/Desktop/Entrepreneur/Startups/QMasters/QMaster/mobile-app/.expo/metro/externals/cluster/index.js">
        <metrics statements="1" coveredstatements="0" conditionals="0" coveredconditionals="0" methods="0" coveredmethods="0"/>
        <line num="1" count="0" type="stmt"/>
      </file>
    </package>
    <package name="mobile-app..expo.metro.externals.console">
      <metrics statements="1" coveredstatements="0" conditionals="0" coveredconditionals="0" methods="0" coveredmethods="0"/>
      <file name="index.js" path="/Users/hatem/Desktop/Entrepreneur/Startups/QMasters/QMaster/mobile-app/.expo/metro/externals/console/index.js">
        <metrics statements="1" coveredstatements="0" conditionals="0" coveredconditionals="0" methods="0" coveredmethods="0"/>
        <line num="1" count="0" type="stmt"/>
      </file>
    </package>
    <package name="mobile-app..expo.metro.externals.constants">
      <metrics statements="1" coveredstatements="0" conditionals="0" coveredconditionals="0" methods="0" coveredmethods="0"/>
      <file name="index.js" path="/Users/hatem/Desktop/Entrepreneur/Startups/QMasters/QMaster/mobile-app/.expo/metro/externals/constants/index.js">
        <metrics statements="1" coveredstatements="0" conditionals="0" coveredconditionals="0" methods="0" coveredmethods="0"/>
        <line num="1" count="0" type="stmt"/>
      </file>
    </package>
    <package name="mobile-app..expo.metro.externals.crypto">
      <metrics statements="1" coveredstatements="0" conditionals="0" coveredconditionals="0" methods="0" coveredmethods="0"/>
      <file name="index.js" path="/Users/hatem/Desktop/Entrepreneur/Startups/QMasters/QMaster/mobile-app/.expo/metro/externals/crypto/index.js">
        <metrics statements="1" coveredstatements="0" conditionals="0" coveredconditionals="0" methods="0" coveredmethods="0"/>
        <line num="1" count="0" type="stmt"/>
      </file>
    </package>
    <package name="mobile-app..expo.metro.externals.dgram">
      <metrics statements="1" coveredstatements="0" conditionals="0" coveredconditionals="0" methods="0" coveredmethods="0"/>
      <file name="index.js" path="/Users/hatem/Desktop/Entrepreneur/Startups/QMasters/QMaster/mobile-app/.expo/metro/externals/dgram/index.js">
        <metrics statements="1" coveredstatements="0" conditionals="0" coveredconditionals="0" methods="0" coveredmethods="0"/>
        <line num="1" count="0" type="stmt"/>
      </file>
    </package>
    <package name="mobile-app..expo.metro.externals.diagnostics_channel">
      <metrics statements="1" coveredstatements="0" conditionals="0" coveredconditionals="0" methods="0" coveredmethods="0"/>
      <file name="index.js" path="/Users/hatem/Desktop/Entrepreneur/Startups/QMasters/QMaster/mobile-app/.expo/metro/externals/diagnostics_channel/index.js">
        <metrics statements="1" coveredstatements="0" conditionals="0" coveredconditionals="0" methods="0" coveredmethods="0"/>
        <line num="1" count="0" type="stmt"/>
      </file>
    </package>
    <package name="mobile-app..expo.metro.externals.dns">
      <metrics statements="1" coveredstatements="0" conditionals="0" coveredconditionals="0" methods="0" coveredmethods="0"/>
      <file name="index.js" path="/Users/hatem/Desktop/Entrepreneur/Startups/QMasters/QMaster/mobile-app/.expo/metro/externals/dns/index.js">
        <metrics statements="1" coveredstatements="0" conditionals="0" coveredconditionals="0" methods="0" coveredmethods="0"/>
        <line num="1" count="0" type="stmt"/>
      </file>
    </package>
    <package name="mobile-app..expo.metro.externals.domain">
      <metrics statements="1" coveredstatements="0" conditionals="0" coveredconditionals="0" methods="0" coveredmethods="0"/>
      <file name="index.js" path="/Users/hatem/Desktop/Entrepreneur/Startups/QMasters/QMaster/mobile-app/.expo/metro/externals/domain/index.js">
        <metrics statements="1" coveredstatements="0" conditionals="0" coveredconditionals="0" methods="0" coveredmethods="0"/>
        <line num="1" count="0" type="stmt"/>
      </file>
    </package>
    <package name="mobile-app..expo.metro.externals.events">
      <metrics statements="1" coveredstatements="0" conditionals="0" coveredconditionals="0" methods="0" coveredmethods="0"/>
      <file name="index.js" path="/Users/hatem/Desktop/Entrepreneur/Startups/QMasters/QMaster/mobile-app/.expo/metro/externals/events/index.js">
        <metrics statements="1" coveredstatements="0" conditionals="0" coveredconditionals="0" methods="0" coveredmethods="0"/>
        <line num="1" count="0" type="stmt"/>
      </file>
    </package>
    <package name="mobile-app..expo.metro.externals.fs">
      <metrics statements="1" coveredstatements="0" conditionals="0" coveredconditionals="0" methods="0" coveredmethods="0"/>
      <file name="index.js" path="/Users/hatem/Desktop/Entrepreneur/Startups/QMasters/QMaster/mobile-app/.expo/metro/externals/fs/index.js">
        <metrics statements="1" coveredstatements="0" conditionals="0" coveredconditionals="0" methods="0" coveredmethods="0"/>
        <line num="1" count="0" type="stmt"/>
      </file>
    </package>
    <package name="mobile-app..expo.metro.externals.fs.promises">
      <metrics statements="1" coveredstatements="0" conditionals="0" coveredconditionals="0" methods="0" coveredmethods="0"/>
      <file name="index.js" path="/Users/hatem/Desktop/Entrepreneur/Startups/QMasters/QMaster/mobile-app/.expo/metro/externals/fs/promises/index.js">
        <metrics statements="1" coveredstatements="0" conditionals="0" coveredconditionals="0" methods="0" coveredmethods="0"/>
        <line num="1" count="0" type="stmt"/>
      </file>
    </package>
    <package name="mobile-app..expo.metro.externals.http">
      <metrics statements="1" coveredstatements="0" conditionals="0" coveredconditionals="0" methods="0" coveredmethods="0"/>
      <file name="index.js" path="/Users/hatem/Desktop/Entrepreneur/Startups/QMasters/QMaster/mobile-app/.expo/metro/externals/http/index.js">
        <metrics statements="1" coveredstatements="0" conditionals="0" coveredconditionals="0" methods="0" coveredmethods="0"/>
        <line num="1" count="0" type="stmt"/>
      </file>
    </package>
    <package name="mobile-app..expo.metro.externals.http2">
      <metrics statements="1" coveredstatements="0" conditionals="0" coveredconditionals="0" methods="0" coveredmethods="0"/>
      <file name="index.js" path="/Users/hatem/Desktop/Entrepreneur/Startups/QMasters/QMaster/mobile-app/.expo/metro/externals/http2/index.js">
        <metrics statements="1" coveredstatements="0" conditionals="0" coveredconditionals="0" methods="0" coveredmethods="0"/>
        <line num="1" count="0" type="stmt"/>
      </file>
    </package>
    <package name="mobile-app..expo.metro.externals.https">
      <metrics statements="1" coveredstatements="0" conditionals="0" coveredconditionals="0" methods="0" coveredmethods="0"/>
      <file name="index.js" path="/Users/hatem/Desktop/Entrepreneur/Startups/QMasters/QMaster/mobile-app/.expo/metro/externals/https/index.js">
        <metrics statements="1" coveredstatements="0" conditionals="0" coveredconditionals="0" methods="0" coveredmethods="0"/>
        <line num="1" count="0" type="stmt"/>
      </file>
    </package>
    <package name="mobile-app..expo.metro.externals.inspector">
      <metrics statements="1" coveredstatements="0" conditionals="0" coveredconditionals="0" methods="0" coveredmethods="0"/>
      <file name="index.js" path="/Users/hatem/Desktop/Entrepreneur/Startups/QMasters/QMaster/mobile-app/.expo/metro/externals/inspector/index.js">
        <metrics statements="1" coveredstatements="0" conditionals="0" coveredconditionals="0" methods="0" coveredmethods="0"/>
        <line num="1" count="0" type="stmt"/>
      </file>
    </package>
    <package name="mobile-app..expo.metro.externals.module">
      <metrics statements="1" coveredstatements="0" conditionals="0" coveredconditionals="0" methods="0" coveredmethods="0"/>
      <file name="index.js" path="/Users/hatem/Desktop/Entrepreneur/Startups/QMasters/QMaster/mobile-app/.expo/metro/externals/module/index.js">
        <metrics statements="1" coveredstatements="0" conditionals="0" coveredconditionals="0" methods="0" coveredmethods="0"/>
        <line num="1" count="0" type="stmt"/>
      </file>
    </package>
    <package name="mobile-app..expo.metro.externals.net">
      <metrics statements="1" coveredstatements="0" conditionals="0" coveredconditionals="0" methods="0" coveredmethods="0"/>
      <file name="index.js" path="/Users/hatem/Desktop/Entrepreneur/Startups/QMasters/QMaster/mobile-app/.expo/metro/externals/net/index.js">
        <metrics statements="1" coveredstatements="0" conditionals="0" coveredconditionals="0" methods="0" coveredmethods="0"/>
        <line num="1" count="0" type="stmt"/>
      </file>
    </package>
    <package name="mobile-app..expo.metro.externals.os">
      <metrics statements="1" coveredstatements="0" conditionals="0" coveredconditionals="0" methods="0" coveredmethods="0"/>
      <file name="index.js" path="/Users/hatem/Desktop/Entrepreneur/Startups/QMasters/QMaster/mobile-app/.expo/metro/externals/os/index.js">
        <metrics statements="1" coveredstatements="0" conditionals="0" coveredconditionals="0" methods="0" coveredmethods="0"/>
        <line num="1" count="0" type="stmt"/>
      </file>
    </package>
    <package name="mobile-app..expo.metro.externals.path">
      <metrics statements="1" coveredstatements="0" conditionals="0" coveredconditionals="0" methods="0" coveredmethods="0"/>
      <file name="index.js" path="/Users/hatem/Desktop/Entrepreneur/Startups/QMasters/QMaster/mobile-app/.expo/metro/externals/path/index.js">
        <metrics statements="1" coveredstatements="0" conditionals="0" coveredconditionals="0" methods="0" coveredmethods="0"/>
        <line num="1" count="0" type="stmt"/>
      </file>
    </package>
    <package name="mobile-app..expo.metro.externals.perf_hooks">
      <metrics statements="1" coveredstatements="0" conditionals="0" coveredconditionals="0" methods="0" coveredmethods="0"/>
      <file name="index.js" path="/Users/hatem/Desktop/Entrepreneur/Startups/QMasters/QMaster/mobile-app/.expo/metro/externals/perf_hooks/index.js">
        <metrics statements="1" coveredstatements="0" conditionals="0" coveredconditionals="0" methods="0" coveredmethods="0"/>
        <line num="1" count="0" type="stmt"/>
      </file>
    </package>
    <package name="mobile-app..expo.metro.externals.process">
      <metrics statements="1" coveredstatements="0" conditionals="0" coveredconditionals="0" methods="0" coveredmethods="0"/>
      <file name="index.js" path="/Users/hatem/Desktop/Entrepreneur/Startups/QMasters/QMaster/mobile-app/.expo/metro/externals/process/index.js">
        <metrics statements="1" coveredstatements="0" conditionals="0" coveredconditionals="0" methods="0" coveredmethods="0"/>
        <line num="1" count="0" type="stmt"/>
      </file>
    </package>
    <package name="mobile-app..expo.metro.externals.punycode">
      <metrics statements="1" coveredstatements="0" conditionals="0" coveredconditionals="0" methods="0" coveredmethods="0"/>
      <file name="index.js" path="/Users/hatem/Desktop/Entrepreneur/Startups/QMasters/QMaster/mobile-app/.expo/metro/externals/punycode/index.js">
        <metrics statements="1" coveredstatements="0" conditionals="0" coveredconditionals="0" methods="0" coveredmethods="0"/>
        <line num="1" count="0" type="stmt"/>
      </file>
    </package>
    <package name="mobile-app..expo.metro.externals.querystring">
      <metrics statements="1" coveredstatements="0" conditionals="0" coveredconditionals="0" methods="0" coveredmethods="0"/>
      <file name="index.js" path="/Users/hatem/Desktop/Entrepreneur/Startups/QMasters/QMaster/mobile-app/.expo/metro/externals/querystring/index.js">
        <metrics statements="1" coveredstatements="0" conditionals="0" coveredconditionals="0" methods="0" coveredmethods="0"/>
        <line num="1" count="0" type="stmt"/>
      </file>
    </package>
    <package name="mobile-app..expo.metro.externals.readline">
      <metrics statements="1" coveredstatements="0" conditionals="0" coveredconditionals="0" methods="0" coveredmethods="0"/>
      <file name="index.js" path="/Users/hatem/Desktop/Entrepreneur/Startups/QMasters/QMaster/mobile-app/.expo/metro/externals/readline/index.js">
        <metrics statements="1" coveredstatements="0" conditionals="0" coveredconditionals="0" methods="0" coveredmethods="0"/>
        <line num="1" count="0" type="stmt"/>
      </file>
    </package>
    <package name="mobile-app..expo.metro.externals.repl">
      <metrics statements="1" coveredstatements="0" conditionals="0" coveredconditionals="0" methods="0" coveredmethods="0"/>
      <file name="index.js" path="/Users/hatem/Desktop/Entrepreneur/Startups/QMasters/QMaster/mobile-app/.expo/metro/externals/repl/index.js">
        <metrics statements="1" coveredstatements="0" conditionals="0" coveredconditionals="0" methods="0" coveredmethods="0"/>
        <line num="1" count="0" type="stmt"/>
      </file>
    </package>
    <package name="mobile-app..expo.metro.externals.stream">
      <metrics statements="1" coveredstatements="0" conditionals="0" coveredconditionals="0" methods="0" coveredmethods="0"/>
      <file name="index.js" path="/Users/hatem/Desktop/Entrepreneur/Startups/QMasters/QMaster/mobile-app/.expo/metro/externals/stream/index.js">
        <metrics statements="1" coveredstatements="0" conditionals="0" coveredconditionals="0" methods="0" coveredmethods="0"/>
        <line num="1" count="0" type="stmt"/>
      </file>
    </package>
    <package name="mobile-app..expo.metro.externals.string_decoder">
      <metrics statements="1" coveredstatements="0" conditionals="0" coveredconditionals="0" methods="0" coveredmethods="0"/>
      <file name="index.js" path="/Users/hatem/Desktop/Entrepreneur/Startups/QMasters/QMaster/mobile-app/.expo/metro/externals/string_decoder/index.js">
        <metrics statements="1" coveredstatements="0" conditionals="0" coveredconditionals="0" methods="0" coveredmethods="0"/>
        <line num="1" count="0" type="stmt"/>
      </file>
    </package>
    <package name="mobile-app..expo.metro.externals.timers">
      <metrics statements="1" coveredstatements="0" conditionals="0" coveredconditionals="0" methods="0" coveredmethods="0"/>
      <file name="index.js" path="/Users/hatem/Desktop/Entrepreneur/Startups/QMasters/QMaster/mobile-app/.expo/metro/externals/timers/index.js">
        <metrics statements="1" coveredstatements="0" conditionals="0" coveredconditionals="0" methods="0" coveredmethods="0"/>
        <line num="1" count="0" type="stmt"/>
      </file>
    </package>
    <package name="mobile-app..expo.metro.externals.tls">
      <metrics statements="1" coveredstatements="0" conditionals="0" coveredconditionals="0" methods="0" coveredmethods="0"/>
      <file name="index.js" path="/Users/hatem/Desktop/Entrepreneur/Startups/QMasters/QMaster/mobile-app/.expo/metro/externals/tls/index.js">
        <metrics statements="1" coveredstatements="0" conditionals="0" coveredconditionals="0" methods="0" coveredmethods="0"/>
        <line num="1" count="0" type="stmt"/>
      </file>
    </package>
    <package name="mobile-app..expo.metro.externals.trace_events">
      <metrics statements="1" coveredstatements="0" conditionals="0" coveredconditionals="0" methods="0" coveredmethods="0"/>
      <file name="index.js" path="/Users/hatem/Desktop/Entrepreneur/Startups/QMasters/QMaster/mobile-app/.expo/metro/externals/trace_events/index.js">
        <metrics statements="1" coveredstatements="0" conditionals="0" coveredconditionals="0" methods="0" coveredmethods="0"/>
        <line num="1" count="0" type="stmt"/>
      </file>
    </package>
    <package name="mobile-app..expo.metro.externals.tty">
      <metrics statements="1" coveredstatements="0" conditionals="0" coveredconditionals="0" methods="0" coveredmethods="0"/>
      <file name="index.js" path="/Users/hatem/Desktop/Entrepreneur/Startups/QMasters/QMaster/mobile-app/.expo/metro/externals/tty/index.js">
        <metrics statements="1" coveredstatements="0" conditionals="0" coveredconditionals="0" methods="0" coveredmethods="0"/>
        <line num="1" count="0" type="stmt"/>
      </file>
    </package>
    <package name="mobile-app..expo.metro.externals.url">
      <metrics statements="1" coveredstatements="0" conditionals="0" coveredconditionals="0" methods="0" coveredmethods="0"/>
      <file name="index.js" path="/Users/hatem/Desktop/Entrepreneur/Startups/QMasters/QMaster/mobile-app/.expo/metro/externals/url/index.js">
        <metrics statements="1" coveredstatements="0" conditionals="0" coveredconditionals="0" methods="0" coveredmethods="0"/>
        <line num="1" count="0" type="stmt"/>
      </file>
    </package>
    <package name="mobile-app..expo.metro.externals.util">
      <metrics statements="1" coveredstatements="0" conditionals="0" coveredconditionals="0" methods="0" coveredmethods="0"/>
      <file name="index.js" path="/Users/hatem/Desktop/Entrepreneur/Startups/QMasters/QMaster/mobile-app/.expo/metro/externals/util/index.js">
        <metrics statements="1" coveredstatements="0" conditionals="0" coveredconditionals="0" methods="0" coveredmethods="0"/>
        <line num="1" count="0" type="stmt"/>
      </file>
    </package>
    <package name="mobile-app..expo.metro.externals.v8">
      <metrics statements="1" coveredstatements="0" conditionals="0" coveredconditionals="0" methods="0" coveredmethods="0"/>
      <file name="index.js" path="/Users/hatem/Desktop/Entrepreneur/Startups/QMasters/QMaster/mobile-app/.expo/metro/externals/v8/index.js">
        <metrics statements="1" coveredstatements="0" conditionals="0" coveredconditionals="0" methods="0" coveredmethods="0"/>
        <line num="1" count="0" type="stmt"/>
      </file>
    </package>
    <package name="mobile-app..expo.metro.externals.vm">
      <metrics statements="1" coveredstatements="0" conditionals="0" coveredconditionals="0" methods="0" coveredmethods="0"/>
      <file name="index.js" path="/Users/hatem/Desktop/Entrepreneur/Startups/QMasters/QMaster/mobile-app/.expo/metro/externals/vm/index.js">
        <metrics statements="1" coveredstatements="0" conditionals="0" coveredconditionals="0" methods="0" coveredmethods="0"/>
        <line num="1" count="0" type="stmt"/>
      </file>
    </package>
    <package name="mobile-app..expo.metro.externals.wasi">
      <metrics statements="1" coveredstatements="0" conditionals="0" coveredconditionals="0" methods="0" coveredmethods="0"/>
      <file name="index.js" path="/Users/hatem/Desktop/Entrepreneur/Startups/QMasters/QMaster/mobile-app/.expo/metro/externals/wasi/index.js">
        <metrics statements="1" coveredstatements="0" conditionals="0" coveredconditionals="0" methods="0" coveredmethods="0"/>
        <line num="1" count="0" type="stmt"/>
      </file>
    </package>
    <package name="mobile-app..expo.metro.externals.worker_threads">
      <metrics statements="1" coveredstatements="0" conditionals="0" coveredconditionals="0" methods="0" coveredmethods="0"/>
      <file name="index.js" path="/Users/hatem/Desktop/Entrepreneur/Startups/QMasters/QMaster/mobile-app/.expo/metro/externals/worker_threads/index.js">
        <metrics statements="1" coveredstatements="0" conditionals="0" coveredconditionals="0" methods="0" coveredmethods="0"/>
        <line num="1" count="0" type="stmt"/>
      </file>
    </package>
    <package name="mobile-app..expo.metro.externals.zlib">
      <metrics statements="1" coveredstatements="0" conditionals="0" coveredconditionals="0" methods="0" coveredmethods="0"/>
      <file name="index.js" path="/Users/hatem/Desktop/Entrepreneur/Startups/QMasters/QMaster/mobile-app/.expo/metro/externals/zlib/index.js">
        <metrics statements="1" coveredstatements="0" conditionals="0" coveredconditionals="0" methods="0" coveredmethods="0"/>
        <line num="1" count="0" type="stmt"/>
      </file>
    </package>
  </project>
</coverage>
